<?xml version="1.0" encoding="UTF-8"?>
<!-- Generated by org.testng.reporters.JUnitReportReporter -->
<testsuite hostname="IN15I51216GR512" failures="0" tests="4" name="nnd.TestCases.DB_LoginTest" time="41.779" errors="0" timestamp="2025-02-18T01:40:17 IST" skipped="0">
  <testcase classname="nnd.TestCases.DB_LoginTest" name="validUserLogin" time="9.339"/>
  <system-out/>
  <testcase classname="nnd.TestCases.DB_LoginTest" name="inValidUserLogin" time="11.717"/>
  <system-out/>
  <testcase classname="nnd.TestCases.DB_LoginTest" name="inValidUserLogin" time="11.923"/>
  <system-out/>
  <testcase classname="nnd.TestCases.DB_LoginTest" name="validUserLogin" time="8.800"/>
  <system-out/>
</testsuite> <!-- nnd.TestCases.DB_LoginTest -->
