<?xml version="1.0" encoding="UTF-8"?>
<!-- Generated by org.testng.reporters.JUnitReportReporter -->
<testsuite hostname="IN15I51216GR512" failures="0" tests="3" name="nnd.TestCases.DB_RegisterTest" time="28.854" errors="0" timestamp="2025-02-18T00:21:07 IST" skipped="1">
  <testcase classname="nnd.TestCases.DB_RegisterTest" name="invalidUserSignUp" time="15.670"/>
  <system-out/>
  <testcase classname="nnd.TestCases.DB_RegisterTest" name="invalidUserSignUp" time="13.184"/>
  <system-out/>
  <testcase classname="nnd.TestCases.DB_RegisterTest" name="validUserSignUp">
    <skipped/>
  </testcase> <!-- validUserSignUp -->
  <system-out/>
</testsuite> <!-- nnd.TestCases.DB_RegisterTest -->
