<?xml version="1.0" encoding="UTF-8"?>
<!-- Generated by org.testng.reporters.JUnitReportReporter -->
<testsuite hostname="IN15I51216GR512" failures="0" tests="4" name="nnd.TestCases.DB_LoginTest" time="41.870" errors="0" timestamp="2025-02-17T05:12:42 IST" skipped="0">
  <testcase classname="nnd.TestCases.DB_LoginTest" name="validUserLogin" time="8.796"/>
  <system-out/>
  <testcase classname="nnd.TestCases.DB_LoginTest" name="inValidUserLogin" time="11.762"/>
  <system-out/>
  <testcase classname="nnd.TestCases.DB_LoginTest" name="validUserLogin" time="9.517"/>
  <system-out/>
  <testcase classname="nnd.TestCases.DB_LoginTest" name="inValidUserLogin" time="11.795"/>
  <system-out/>
</testsuite> <!-- nnd.TestCases.DB_LoginTest -->
