<?xml version="1.0" encoding="UTF-8"?>
<!-- Generated by org.testng.reporters.JUnitReportReporter -->
<testsuite hostname="IN15I51216GR512" failures="0" tests="4" name="nnd.TestCases.LoginTest" time="23.860" errors="0" timestamp="2025-02-15T01:21:56 IST" skipped="1">
  <testcase classname="nnd.TestCases.LoginTest" name="validUserLogin" time="7.866"/>
  <system-out/>
  <testcase classname="nnd.TestCases.LoginTest" name="inValidUserLogin" time="2.713">
    <skipped/>
  </testcase> <!-- inValidUserLogin -->
  <system-out/>
  <testcase classname="nnd.TestCases.LoginTest" name="validUserLogin" time="7.862"/>
  <system-out/>
  <testcase classname="nnd.TestCases.LoginTest" name="validUserLogin" time="5.419"/>
  <system-out/>
</testsuite> <!-- nnd.TestCases.LoginTest -->
