<?xml version="1.0" encoding="UTF-8"?>
<!-- Generated by org.testng.reporters.JUnitReportReporter -->
<testsuite hostname="IN15I51216GR512" failures="0" tests="1" name="nnd.TestCases.DB_HomeTest" time="12.336" errors="0" timestamp="2025-02-18T01:40:17 IST" skipped="0">
  <testcase classname="nnd.TestCases.DB_HomeTest" name="verifyPurchaseItem" time="12.336"/>
  <system-out/>
</testsuite> <!-- nnd.TestCases.DB_HomeTest -->
