<?xml version="1.0" encoding="UTF-8"?>
<!-- Generated by org.testng.reporters.JUnitReportReporter -->
<testsuite hostname="IN15I51216GR512" failures="0" tests="2" name="nnd.TestCases.DB_HomeTest" time="11.145" errors="0" timestamp="2025-02-16T18:14:01 IST" skipped="1">
  <testcase classname="nnd.TestCases.DB_HomeTest" name="verifyPurchaseItem" time="11.145"/>
  <system-out/>
  <testcase classname="nnd.TestCases.DB_HomeTest" name="inValidUserLogin">
    <skipped/>
  </testcase> <!-- inValidUserLogin -->
  <system-out/>
</testsuite> <!-- nnd.TestCases.DB_HomeTest -->
