<?xml version="1.0" encoding="UTF-8"?>
<!-- Generated by org.testng.reporters.JUnitReportReporter -->
<testsuite hostname="IN15I51216GR512" failures="0" tests="3" name="nnd.TestCases.DB_RegisterTest" time="50.054" errors="0" timestamp="2025-02-18T01:00:51 IST" skipped="0">
  <testcase classname="nnd.TestCases.DB_RegisterTest" name="validUserSignUp" time="14.440"/>
  <system-out/>
  <testcase classname="nnd.TestCases.DB_RegisterTest" name="invalidUserSignUp" time="20.692"/>
  <system-out/>
  <testcase classname="nnd.TestCases.DB_RegisterTest" name="invalidUserSignUp" time="14.922"/>
  <system-out/>
</testsuite> <!-- nnd.TestCases.DB_RegisterTest -->
